<?xml version="1.0" encoding="UTF-8"?>
<!-- Generated by org.testng.reporters.JUnitReportReporter -->
<testsuite skipped="0" hostname="DESKTOP-B3I5BBO" name="com.qa.login.Loginpage" tests="1" failures="0" timestamp="2019-12-16T18:19:28 IST" time="0.043" errors="0">
  <testcase name="LoginTest" time="0.043" classname="com.qa.login.Loginpage"/>
</testsuite> <!-- com.qa.login.Loginpage -->
