<?xml version="1.0" encoding="UTF-8"?>
<!-- Generated by org.testng.reporters.JUnitReportReporter -->
<testsuite hostname="DESKTOP-B3I5BBO" name="com.qa.login.LoginTest" tests="2" failures="0" timestamp="16 Dec 2019 14:28:55 GMT" time="0.024" errors="0">
  <testcase name="Loginmtd" time="0.000" classname="com.qa.login.LoginTest"/>
  <testcase name="Homemtd" time="0.024" classname="com.qa.login.LoginTest"/>
</testsuite> <!-- com.qa.login.LoginTest -->
